<?xml version="1.0" encoding="UTF-8" ?>
<!DOCTYPE log4j:configuration SYSTEM "log4j.dtd">

<log4j:configuration xmlns:log4j="http://jakarta.apache.org/log4j/">

  <!--System Controls logfile -->
  <appender name="SYSCTRLS_SYSLOGFILE" class="org.apache.log4j.RollingFileAppender">
    <param name="File" value="${systemcontrolsdrt.logdir}/systemcontrols.log"/>
    <param name="Append" value="true"/>
    <param name="MaxFileSize" value="500000KB"/>
    <layout class="org.apache.log4j.PatternLayout">
      <param name="ConversionPattern" value="%d{DATE} %-5p %-15c{1} [%x]: %m%n"/>
    </layout>
  </appender>

  <category name="org.apache.beehive.controls.system">
    <priority value="debug" />
    <appender-ref ref="SYSCTRLS_SYSLOGFILE" />
  </category>

</log4j:configuration>
