<?xml version="1.0" encoding="UTF-8"?>

<netui-config xmlns="http://beehive.apache.org/netui/2004/server/config">

    <expression-languages>
        <default-language>netuiel</default-language>
        <expression-language>
            <name>netuiel</name>
            <factory-class>org.apache.beehive.netui.script.el.ExpressionEvaluatorImpl$NetUIELEngineFactory</factory-class>
        </expression-language>
    </expression-languages>

    <pageflow-handlers>
        <login-handler>
            <handler-class>org.apache.beehive.netui.test.pageflow.login.TestLoginHandler</handler-class>
        </login-handler>
    </pageflow-handlers>

</netui-config>
