<?xml version="1.0"?>

<project name="Beehive/SystemControls/TestImports">
    
    <import file="../../systemcontrols-imports.xml"/>

    <property name="test.lib.dir" location="${sc.home}/build/test-lib"/>
    <property name="test.classes.dir" location="${sc.home}/build/test-classes"/>
    <property name="test.dir" location="${sc.home}/test"/>
    <property name="test.src.dir" location="${test.dir}"/>
    <property name="test.external.dir" location="${test.dir}/external"/>
    <property name="log4jconfig.verbose.junit" location="${test.dir}/conf/junitLogCfgVerbose.xml"/>
    <property name="log4jconfig.junit" location="${test.dir}/conf/junitLogCfg.xml"/>
    <property name="test-controls.jar.name" value="beehive-systemcontrols-testControls.jar"/>
    <property name="test-units.jar.name" value="beehive-systemcontrols-junit-tests.jar"/>

    <path id="test-controls.dependency.path">
        <pathelement location="${test.lib.dir}/${test-controls.jar.name}"/>
    </path>

    <path id="test-units.dependency.path">
        <pathelement location="${test.lib.dir}/${test-units.jar.name}"/>
    </path>

    <path id="jdbc-control.dependency.path">
        <pathelement location="${build.lib.dir}/${jdbccontrol.jar.name}"/>
    </path>

    <path id="junit-tests.dependency.path">
        <path refid="test-units.dependency.path"/>
        <path refid="test-controls.dependency.path"/>
        <path refid="jdbc-control.dependency.path"/>
        <path refid="controls.dependency.path"/>
        <path refid="derby.dependency.path"/>
        <path refid="xbean.dependency.path"/>
        <path refid="log4j.dependency.path"/>
        <path refid="commons-discovery.dependency.path"/>
        <path refid="commons-logging.dependency.path"/>
    </path>

</project>
